<?xml version="1.0" encoding="UTF-8"?>
<coverage generated="1725476975665" clover="3.2.0">
  <project timestamp="1725476975665" name="All files">
    <metrics statements="18" coveredstatements="16" conditionals="6" coveredconditionals="6" methods="5" coveredmethods="3" elements="29" coveredelements="25" complexity="0" loc="18" ncloc="18" packages="1" files="2" classes="2"/>
    <file name="update.js" path="C:\Users\dani2\Downloads\modul323-counter-master\Modul-323_Calorie-Tracker_Jasaroska-Adrian\Unit-Testing_Modul-323\cloned\modul323-counter\src\update.js">
      <metrics statements="9" coveredstatements="9" conditionals="6" coveredconditionals="6" methods="1" coveredmethods="1"/>
      <line num="1" count="2" type="stmt"/>
      <line num="8" count="5" type="cond" truecount="4" falsecount="0"/>
      <line num="10" count="1" type="stmt"/>
      <line num="12" count="1" type="stmt"/>
      <line num="14" count="2" type="cond" truecount="2" falsecount="0"/>
      <line num="15" count="1" type="stmt"/>
      <line num="17" count="1" type="stmt"/>
      <line num="19" count="1" type="stmt"/>
      <line num="23" count="2" type="stmt"/>
    </file>
    <file name="view.js" path="C:\Users\dani2\Downloads\modul323-counter-master\Modul-323_Calorie-Tracker_Jasaroska-Adrian\Unit-Testing_Modul-323\cloned\modul323-counter\src\view.js">
      <metrics statements="9" coveredstatements="7" conditionals="0" coveredconditionals="0" methods="4" coveredmethods="2"/>
      <line num="1" count="1" type="stmt"/>
      <line num="2" count="1" type="stmt"/>
      <line num="4" count="1" type="stmt"/>
      <line num="7" count="3" type="stmt"/>
      <line num="8" count="3" type="stmt"/>
      <line num="11" count="1" type="stmt"/>
      <line num="12" count="0" type="stmt"/>
      <line num="16" count="0" type="stmt"/>
      <line num="21" count="1" type="stmt"/>
    </file>
  </project>
</coverage>
