TN:
SF:src\update.js
FN:7,update
FNF:1
FNH:1
FNDA:5,update
DA:1,2
DA:8,5
DA:10,1
DA:12,1
DA:14,2
DA:15,1
DA:17,1
DA:19,1
DA:23,2
LF:9
LH:9
BRDA:8,0,0,1
BRDA:8,0,1,1
BRDA:8,0,2,2
BRDA:8,0,3,1
BRDA:14,1,0,1
BRDA:14,1,1,1
BRF:6
BRH:6
end_of_record
TN:
SF:src\view.js
FN:6,view
FN:11,(anonymous_1)
FN:12,(anonymous_2)
FN:16,(anonymous_3)
FNF:4
FNH:2
FNDA:3,view
FNDA:1,(anonymous_1)
FNDA:0,(anonymous_2)
FNDA:0,(anonymous_3)
DA:1,1
DA:2,1
DA:4,1
DA:7,3
DA:8,3
DA:11,1
DA:12,0
DA:16,0
DA:21,1
LF:9
LH:7
BRF:0
BRH:0
end_of_record
